2020-05-22 17:54:24 INFO     Begin Script
2020-05-22 17:54:24 INFO     updating ar with 665 total sightings
2020-05-22 17:54:24 INFO     updating al with 690 total sightings
2020-05-22 17:54:24 INFO     updating ca with 9654 total sightings
2020-05-22 17:54:24 INFO     updating co with 1504 total sightings
2020-05-22 17:54:25 INFO     updating ct with 967 total sightings
2020-05-22 17:54:25 INFO     updating de with 182 total sightings
2020-05-22 17:54:25 INFO     updating dc with 98 total sightings
2020-05-22 17:54:25 INFO     updating ak with 353 total sightings
2020-05-22 17:54:25 INFO     updating hi with 352 total sightings
2020-05-22 17:54:25 INFO     updating az with 2688 total sightings
2020-05-22 17:54:25 INFO     updating fl with 4199 total sightings
2020-05-22 17:54:25 INFO     updating in with 1385 total sightings
2020-05-22 17:54:25 INFO     updating ia with 706 total sightings
2020-05-22 17:54:25 INFO     updating ks with 652 total sightings
2020-05-22 17:54:25 INFO     updating ga with 1346 total sightings
2020-05-22 17:54:25 INFO     updating la with 597 total sightings
2020-05-22 17:54:25 INFO     updating me with 632 total sightings
2020-05-22 17:54:25 INFO     updating md with 910 total sightings
2020-05-22 17:54:25 INFO     updating ga with 1346 total sightings
2020-05-22 17:54:25 INFO     updating id with 553 total sightings
2020-05-22 17:54:25 INFO     updating ma with 1357 total sightings
2020-05-22 17:54:25 INFO     updating mi with 2070 total sightings
2020-05-22 17:54:26 INFO     updating mn with 1080 total sightings
2020-05-22 17:54:26 INFO     updating il with 2644 total sightings
2020-05-22 17:54:26 INFO     updating ms with 414 total sightings
2020-05-22 17:54:26 INFO     updating mo with 1575 total sightings
2020-05-22 17:54:26 INFO     updating mt with 509 total sightings
2020-05-22 17:54:26 INFO     updating ne with 404 total sightings
2020-05-22 17:54:26 INFO     updating nv with 904 total sightings
2020-05-22 17:54:26 INFO     updating nh with 534 total sightings
2020-05-22 17:54:26 INFO     updating nj with 1511 total sightings
2020-05-22 17:54:26 INFO     updating ny with 3218 total sightings
2020-05-22 17:54:26 INFO     updating nc with 1868 total sightings
2020-05-22 17:54:26 INFO     updating oh with 2424 total sightings
2020-05-22 17:54:26 INFO     updating ok with 765 total sightings
2020-05-22 17:54:26 INFO     updating nm with 814 total sightings
2020-05-22 17:54:26 INFO     updating ri with 289 total sightings
2020-05-22 17:54:26 INFO     updating sc with 1075 total sightings
2020-05-22 17:54:26 INFO     updating sd with 195 total sightings
2020-05-22 17:54:27 INFO     updating tn with 1192 total sightings
2020-05-22 17:54:27 INFO     updating tx with 3676 total sightings
2020-05-22 17:54:27 INFO     updating ut with 742 total sightings
2020-05-22 17:54:27 INFO     updating or with 1844 total sightings
2020-05-22 17:54:27 INFO     updating va with 1392 total sightings
2020-05-22 17:54:27 INFO     updating vt with 306 total sightings
2020-05-22 17:54:27 INFO     updating wa with 4267 total sightings
2020-05-22 17:54:27 INFO     updating wv with 485 total sightings
2020-05-22 17:54:27 INFO     updating nd with 137 total sightings
2020-05-22 17:54:27 INFO     updating pa with 2581 total sightings
2020-05-22 17:54:27 INFO     updating pr with 32 total sightings
2020-05-22 17:54:27 INFO     updating wi with 1332 total sightings
2020-05-22 17:54:27 INFO     updating wy with 204 total sightings
2020-05-22 17:54:27 INFO     success
